<?xml version="1.0" encoding="UTF-8"?>
<testng-results ignored="0" total="1" passed="1" failed="0" skipped="0">
  <reporter-output>
  </reporter-output>
  <suite started-at="2021-06-22T12:50:47 EDT" name="Default suite" finished-at="2021-06-22T12:50:59 EDT" duration-ms="11370">
    <groups>
    </groups>
    <test started-at="2021-06-22T12:50:47 EDT" name="Default test" finished-at="2021-06-22T12:50:59 EDT" duration-ms="11370">
      <class name="listeners.FirstTest">
        <test-method signature="fbtest()[pri:0, instance:listeners.FirstTest@5ace1ed4]" started-at="2021-06-22T12:50:47 EDT" name="fbtest" finished-at="2021-06-22T12:50:58 EDT" duration-ms="11142" status="PASS">
          <reporter-output>
          </reporter-output>
        </test-method> <!-- fbtest -->
      </class> <!-- listeners.FirstTest -->
    </test> <!-- Default test -->
  </suite> <!-- Default suite -->
</testng-results>
