<?xml version="1.0" encoding="UTF-8"?>
<testng-results ignored="0" total="1" passed="1" failed="0" skipped="0">
  <reporter-output>
  </reporter-output>
  <suite started-at="2021-06-20T14:04:48 EDT" name="Default suite" finished-at="2021-06-20T14:04:58 EDT" duration-ms="10461">
    <groups>
    </groups>
    <test started-at="2021-06-20T14:04:48 EDT" name="Default test" finished-at="2021-06-20T14:04:58 EDT" duration-ms="10461">
      <class name="dropdowntest.DropdownTest2">
        <test-method signature="dropdowntest()[pri:0, instance:dropdowntest.DropdownTest2@2accdbb5]" started-at="2021-06-20T14:04:48 EDT" name="dropdowntest" finished-at="2021-06-20T14:04:58 EDT" duration-ms="10413" status="PASS">
          <reporter-output>
          </reporter-output>
        </test-method> <!-- dropdowntest -->
      </class> <!-- dropdowntest.DropdownTest2 -->
    </test> <!-- Default test -->
  </suite> <!-- Default suite -->
</testng-results>
